# JRE version: Java(TM) SE Runtime Environment (8.0_25-b18) (build 1.8.0_25-b18)
# Java VM: Java HotSpot(TM) Client VM (25.25-b02 mixed mode windows-x86 )
Heap:
 def new generation   total 4928K, used 2025K [0x04800000, 0x04d50000, 0x09d50000)
  eden space 4416K,  44% used [0x04800000, 0x049eff98, 0x04c50000)
  from space 512K,   8% used [0x04c50000, 0x04c5a5f8, 0x04cd0000)
  to   space 512K,   0% used [0x04cd0000, 0x04cd0000, 0x04d50000)
 tenured generation   total 10944K, used 1682K [0x09d50000, 0x0a800000, 0x14800000)
   the space 10944K,  15% used [0x09d50000, 0x09ef4850, 0x09ef4a00, 0x0a800000)
 Metaspace       used 5285K, capacity 5411K, committed 5504K, reserved 5504K
GC Heap History (8 events):
Event: 1.451 GC heap before
{Heap before GC invocations=0 (full 0):
 def new generation   total 4928K, used 4415K [0x04800000, 0x04d50000, 0x09d50000)
  eden space 4416K,  99% used [0x04800000, 0x04c4fff0, 0x04c50000)
  from space 512K,   0% used [0x04c50000, 0x04c50000, 0x04cd0000)
  to   space 512K,   0% used [0x04cd0000, 0x04cd0000, 0x04d50000)
 tenured generation   total 10944K, used 0K [0x09d50000, 0x0a800000, 0x14800000)
   the space 10944K,   0% used [0x09d50000, 0x09d50000, 0x09d50200, 0x0a800000)
 Metaspace       used 5224K, capacity 5337K, committed 5376K, reserved 5504K
Event: 1.455 GC heap after
Heap after GC invocations=1 (full 0):
 def new generation   total 4928K, used 512K [0x04800000, 0x04d50000, 0x09d50000)
  eden space 4416K,   0% used [0x04800000, 0x04800000, 0x04c50000)
  from space 512K, 100% used [0x04cd0000, 0x04d50000, 0x04d50000)
  to   space 512K,   0% used [0x04c50000, 0x04c50000, 0x04cd0000)
 tenured generation   total 10944K, used 1171K [0x09d50000, 0x0a800000, 0x14800000)
   the space 10944K,  10% used [0x09d50000, 0x09e74c50, 0x09e74e00, 0x0a800000)
 Metaspace       used 5224K, capacity 5337K, committed 5376K, reserved 5504K
}
Event: 3.246 GC heap before
{Heap before GC invocations=1 (full 0):
 def new generation   total 4928K, used 4927K [0x04800000, 0x04d50000, 0x09d50000)
  eden space 4416K,  99% used [0x04800000, 0x04c4fff8, 0x04c50000)
  from space 512K, 100% used [0x04cd0000, 0x04d50000, 0x04d50000)
  to   space 512K,   0% used [0x04c50000, 0x04c50000, 0x04cd0000)
 tenured generation   total 10944K, used 1171K [0x09d50000, 0x0a800000, 0x14800000)
   the space 10944K,  10% used [0x09d50000, 0x09e74c50, 0x09e74e00, 0x0a800000)
 Metaspace       used 5239K, capacity 5342K, committed 5376K, reserved 5504K
Event: 3.247 GC heap after
Heap after GC invocations=2 (full 0):
 def new generation   total 4928K, used 41K [0x04800000, 0x04d50000, 0x09d50000)
  eden space 4416K,   0% used [0x04800000, 0x04800000, 0x04c50000)
  from space 512K,   8% used [0x04c50000, 0x04c5a4b0, 0x04cd0000)
  to   space 512K,   0% used [0x04cd0000, 0x04cd0000, 0x04d50000)
 tenured generation   total 10944K, used 1682K [0x09d50000, 0x0a800000, 0x14800000)
   the space 10944K,  15% used [0x09d50000, 0x09ef4850, 0x09ef4a00, 0x0a800000)
 Metaspace       used 5239K, capacity 5342K, committed 5376K, reserved 5504K
}
Event: 5.957 GC heap before
{Heap before GC invocations=2 (full 0):
 def new generation   total 4928K, used 4457K [0x04800000, 0x04d50000, 0x09d50000)
  eden space 4416K,  99% used [0x04800000, 0x04c4fff0, 0x04c50000)
  from space 512K,   8% used [0x04c50000, 0x04c5a4b0, 0x04cd0000)
  to   space 512K,   0% used [0x04cd0000, 0x04cd0000, 0x04d50000)
 tenured generation   total 10944K, used 1682K [0x09d50000, 0x0a800000, 0x14800000)
   the space 10944K,  15% used [0x09d50000, 0x09ef4850, 0x09ef4a00, 0x0a800000)
 Metaspace       used 5246K, capacity 5342K, committed 5376K, reserved 5504K
Event: 5.957 GC heap after
Heap after GC invocations=3 (full 0):
 def new generation   total 4928K, used 42K [0x04800000, 0x04d50000, 0x09d50000)
  eden space 4416K,   0% used [0x04800000, 0x04800000, 0x04c50000)
  from space 512K,   8% used [0x04cd0000, 0x04cda870, 0x04d50000)
  to   space 512K,   0% used [0x04c50000, 0x04c50000, 0x04cd0000)
 tenured generation   total 10944K, used 1682K [0x09d50000, 0x0a800000, 0x14800000)
   the space 10944K,  15% used [0x09d50000, 0x09ef4850, 0x09ef4a00, 0x0a800000)
 Metaspace       used 5246K, capacity 5342K, committed 5376K, reserved 5504K
}
Event: 6.308 GC heap before
{Heap before GC invocations=3 (full 0):
 def new generation   total 4928K, used 4458K [0x04800000, 0x04d50000, 0x09d50000)
  eden space 4416K, 100% used [0x04800000, 0x04c50000, 0x04c50000)
  from space 512K,   8% used [0x04cd0000, 0x04cda870, 0x04d50000)
  to   space 512K,   0% used [0x04c50000, 0x04c50000, 0x04cd0000)
 tenured generation   total 10944K, used 1682K [0x09d50000, 0x0a800000, 0x14800000)
   the space 10944K,  15% used [0x09d50000, 0x09ef4850, 0x09ef4a00, 0x0a800000)
 Metaspace       used 5246K, capacity 5342K, committed 5376K, reserved 5504K
Event: 6.308 GC heap after
Heap after GC invocations=4 (full 0):
 def new generation   total 4928K, used 41K [0x04800000, 0x04d50000, 0x09d50000)
  eden space 4416K,   0% used [0x04800000, 0x04800000, 0x04c50000)
  from space 512K,   8% used [0x04c50000, 0x04c5a5f8, 0x04cd0000)
  to   space 512K,   0% used [0x04cd0000, 0x04cd0000, 0x04d50000)
 tenured generation   total 10944K, used 1682K [0x09d50000, 0x0a800000, 0x14800000)
   the space 10944K,  15% used [0x09d50000, 0x09ef4850, 0x09ef4a00, 0x0a800000)
 Metaspace       used 5246K, capacity 5342K, committed 5376K, reserved 5504K
}

